This file contains any messages produced by compilers while
running configure, to aid debugging if configure makes a mistake.

It was created by ta-lib configure 0.4.0, which was
generated by GNU Autoconf 2.61.  Invocation command line was

  $ ./configure 

## --------- ##
## Platform. ##
## --------- ##

hostname = DESKTOP-I0A2HJ5
uname -m = x86_64
uname -r = 3.1.6-340.x86_64
uname -s = MINGW64_NT-10.0-16299
uname -v = 2020-07-09 14:33 UTC

/usr/bin/uname -p = unknown
/bin/uname -X     = unknown

/bin/arch              = x86_64
/usr/bin/arch -k       = unknown
/usr/convex/getsysinfo = unknown
/usr/bin/hostinfo      = unknown
/bin/machine           = unknown
/usr/bin/oslevel       = unknown
/bin/universe          = unknown

PATH: /c/Users/dtama/bin
PATH: /mingw64/bin
PATH: /usr/local/bin
PATH: /usr/bin
PATH: /bin
PATH: /mingw64/bin
PATH: /usr/bin
PATH: /c/Users/dtama/bin
PATH: /c/Perl64/bin
PATH: /c/Users/dtama/AppData/Roaming/ActiveState/bin
PATH: /c/Program Files (x86)/AdoptOpenJDK/jdk-8.0.252.09-hotspot/bin
PATH: /c/Windows/system32
PATH: /c/Windows
PATH: /c/Windows/System32/Wbem
PATH: /c/Windows/System32/WindowsPowerShell/v1.0
PATH: /d/Program Files/ffmpeg/bin
PATH: /cmd
PATH: /c/Program Files/NVIDIA Corporation/NVIDIA NvDLISR
PATH: /c/Program Files/TortoiseGit/bin
PATH: /c/Program Files/CMake/bin
PATH: /c/Program Files (x86)/NVIDIA Corporation/PhysX/Common
PATH: /c/Program Files/nodejs
PATH: /c/ProgramData/chocolatey/bin
PATH: /d/Program Files (x86)/Embarcadero/Studio/21.0/bin
PATH: /c/Users/Public/Documents/Embarcadero/Studio/21.0/Bpl
PATH: /c/Program Files/Microsoft VS Code/bin
PATH: /c/Go/bin
PATH: /c/Program Files/dotnet
PATH: /d/TDM-GCC-64/bin
PATH: /d/TDM-GCC-64/x86_64-w64-mingw32/bin
PATH: /c/Perl64/bin
PATH: /c/Program Files/NASM
PATH: /d/lazarus206
PATH: /d/Program Files/Geth
PATH: /d/Program Files/tcpping
PATH: /d/Program Files/curl/curl-7.79.0-win64-mingw/bin
PATH: /d/Program Files/openssl
PATH: /d/TDM-GCC-64/bin
PATH: /c/Users/dtama/AppData/Local/Microsoft/WindowsApps
PATH: /c/Users/dtama/AppData/Roaming/npm
PATH: /c/Users/dtama/AppData/Local/Programs/Microsoft VS Code/bin
PATH: /c/Users/dtama/go/bin
PATH: /c/Users/dtama/.dotnet/tools
PATH: /c/Users/dtama/AppData/Local/Programs/Fiddler
PATH: /d/TDM-GCC-32/bin
PATH: /c/Users/dtama/.dotnet/tools
PATH: /usr/bin/vendor_perl
PATH: /usr/bin/core_perl


## ----------- ##
## Core tests. ##
## ----------- ##

configure:1987: checking for a BSD-compatible install
configure:2043: result: /usr/bin/install -c
configure:2054: checking whether build environment is sane
configure:2097: result: yes
configure:2125: checking for a thread-safe mkdir -p
configure:2164: result: /usr/bin/mkdir -p
configure:2177: checking for gawk
configure:2193: found /usr/bin/gawk
configure:2204: result: gawk
configure:2215: checking whether make sets $(MAKE)
configure:2236: result: yes
configure:2474: checking for gcc
configure:2490: found /d/TDM-GCC-64/bin/gcc
configure:2501: result: gcc
configure:2739: checking for C compiler version
configure:2746: gcc --version >&5
gcc.exe (tdm64-1) 10.3.0
Copyright (C) 2020 Free Software Foundation, Inc.
This is free software; see the source for copying conditions.  There is NO
warranty; not even for MERCHANTABILITY or FITNESS FOR A PARTICULAR PURPOSE.

configure:2749: $? = 0
configure:2756: gcc -v >&5
Using built-in specs.
COLLECT_GCC=D:\TDM-GCC-64\bin\gcc.exe
COLLECT_LTO_WRAPPER=D:/TDM-GCC-64/bin/../libexec/gcc/x86_64-w64-mingw32/10.3.0/lto-wrapper.exe
Target: x86_64-w64-mingw32
Configured with: ../../../src/gcc-git-10.3.0/configure --build=x86_64-w64-mingw32 --enable-targets=all --enable-languages=ada,c,c++,fortran,jit,lto,objc,obj-c++ --enable-libgomp --enable-lto --enable-graphite --enable-cxx-flags=-DWINPTHREAD_STATIC --disable-build-with-cxx --disable-build-poststage1-with-cxx --enable-libstdcxx-debug --enable-threads=posix --enable-version-specific-runtime-libs --enable-fully-dynamic-string --enable-libstdcxx-filesystem-ts=yes --disable-libstdcxx-pch --enable-libstdcxx-threads --enable-libstdcxx-time=yes --enable-mingw-wildcard --with-gnu-ld --disable-werror --enable-nls --disable-win32-registry --enable-large-address-aware --disable-rpath --disable-symvers --prefix=/mingw64tdm --with-local-prefix=/mingw64tdm --with-pkgversion=tdm64-1 --with-bugurl=https://github.com/jmeubank/tdm-gcc/issues
Thread model: posix
Supported LTO compression algorithms: zlib zstd
gcc version 10.3.0 (tdm64-1) 
configure:2759: $? = 0
configure:2766: gcc -V >&5
gcc.exe: error: unrecognized command-line option '-V'
gcc.exe: fatal error: no input files
compilation terminated.
configure:2769: $? = 1
configure:2792: checking for C compiler default output file name
configure:2819: gcc    conftest.c  >&5
configure:2822: $? = 0
configure:2860: result: a.exe
configure:2877: checking whether the C compiler works
configure:2887: ./a.exe
configure:2890: $? = 0
configure:2907: result: yes
configure:2914: checking whether we are cross compiling
configure:2916: result: no
configure:2919: checking for suffix of executables
configure:2926: gcc -o conftest.exe    conftest.c  >&5
configure:2929: $? = 0
configure:2953: result: .exe
configure:2959: checking for suffix of object files
configure:2985: gcc -c   conftest.c >&5
configure:2988: $? = 0
configure:3011: result: o
configure:3015: checking whether we are using the GNU C compiler
configure:3044: gcc -c   conftest.c >&5
configure:3050: $? = 0
configure:3067: result: yes
configure:3072: checking whether gcc accepts -g
configure:3102: gcc -c -g  conftest.c >&5
configure:3108: $? = 0
configure:3207: result: yes
configure:3224: checking for gcc option to accept ISO C89
configure:3298: gcc  -c -g -O2  conftest.c >&5
configure:3304: $? = 0
configure:3327: result: none needed
configure:3356: checking for style of include used by make
configure:3384: result: GNU
configure:3409: checking dependency style of gcc
configure:3500: result: gcc3
configure:3593: checking build system type
configure:3602: error: cannot guess build type; you must specify one

## ---------------- ##
## Cache variables. ##
## ---------------- ##

ac_cv_c_compiler_gnu=yes
ac_cv_env_CCC_set=
ac_cv_env_CCC_value=
ac_cv_env_CC_set=
ac_cv_env_CC_value=
ac_cv_env_CFLAGS_set=
ac_cv_env_CFLAGS_value=
ac_cv_env_CPPFLAGS_set=
ac_cv_env_CPPFLAGS_value=
ac_cv_env_CPP_set=
ac_cv_env_CPP_value=
ac_cv_env_CXXCPP_set=
ac_cv_env_CXXCPP_value=
ac_cv_env_CXXFLAGS_set=
ac_cv_env_CXXFLAGS_value=
ac_cv_env_CXX_set=
ac_cv_env_CXX_value=
ac_cv_env_F77_set=
ac_cv_env_F77_value=
ac_cv_env_FFLAGS_set=
ac_cv_env_FFLAGS_value=
ac_cv_env_LDFLAGS_set=
ac_cv_env_LDFLAGS_value=
ac_cv_env_LIBS_set=
ac_cv_env_LIBS_value=
ac_cv_env_build_alias_set=
ac_cv_env_build_alias_value=
ac_cv_env_host_alias_set=
ac_cv_env_host_alias_value=
ac_cv_env_target_alias_set=
ac_cv_env_target_alias_value=
ac_cv_exeext=.exe
ac_cv_objext=o
ac_cv_path_install='/usr/bin/install -c'
ac_cv_path_mkdir=/usr/bin/mkdir
ac_cv_prog_AWK=gawk
ac_cv_prog_ac_ct_CC=gcc
ac_cv_prog_cc_c89=
ac_cv_prog_cc_g=yes
ac_cv_prog_make_make_set=yes
am_cv_CC_dependencies_compiler_type=gcc3

## ----------------- ##
## Output variables. ##
## ----------------- ##

ACLOCAL='${SHELL} /d/projects/Pascal/lazarus/My/libs/TMD.TALib/3rd/ta-lib/missing --run aclocal-1.10'
AMDEPBACKSLASH='\'
AMDEP_FALSE='#'
AMDEP_TRUE=''
AMTAR='${SHELL} /d/projects/Pascal/lazarus/My/libs/TMD.TALib/3rd/ta-lib/missing --run tar'
AR=''
AUTOCONF='${SHELL} /d/projects/Pascal/lazarus/My/libs/TMD.TALib/3rd/ta-lib/missing --run autoconf'
AUTOHEADER='${SHELL} /d/projects/Pascal/lazarus/My/libs/TMD.TALib/3rd/ta-lib/missing --run autoheader'
AUTOMAKE='${SHELL} /d/projects/Pascal/lazarus/My/libs/TMD.TALib/3rd/ta-lib/missing --run automake-1.10'
AWK='gawk'
CC='gcc'
CCDEPMODE='depmode=gcc3'
CFLAGS='-g -O2'
CPP=''
CPPFLAGS=''
CXX=''
CXXCPP=''
CXXDEPMODE=''
CXXFLAGS=''
CYGPATH_W='cygpath -w'
DEFS=''
DEPDIR='.deps'
ECHO='echo'
ECHO_C=''
ECHO_N='-n'
ECHO_T=''
EGREP=''
EXEEXT='.exe'
F77=''
FFLAGS=''
GREP=''
INSTALL_DATA='${INSTALL} -m 644'
INSTALL_PROGRAM='${INSTALL}'
INSTALL_SCRIPT='${INSTALL}'
INSTALL_STRIP_PROGRAM='$(install_sh) -c -s'
LDFLAGS=''
LIBOBJS=''
LIBS=''
LIBTOOL=''
LN_S=''
LTLIBOBJS=''
MAKEINFO='${SHELL} /d/projects/Pascal/lazarus/My/libs/TMD.TALib/3rd/ta-lib/missing --run makeinfo'
OBJEXT='o'
PACKAGE='ta-lib'
PACKAGE_BUGREPORT='http://sourceforge.net/tracker/?group_id=8903&atid=108903'
PACKAGE_NAME='ta-lib'
PACKAGE_STRING='ta-lib 0.4.0'
PACKAGE_TARNAME='ta-lib'
PACKAGE_VERSION='0.4.0'
PATH_SEPARATOR=':'
POW_LIB=''
RANLIB=''
SET_MAKE=''
SHELL='/bin/sh'
STRIP=''
TALIB_LIBRARY_VERSION=''
VERSION='0.4.0'
ac_ct_CC='gcc'
ac_ct_CXX=''
ac_ct_F77=''
am__fastdepCC_FALSE='#'
am__fastdepCC_TRUE=''
am__fastdepCXX_FALSE=''
am__fastdepCXX_TRUE=''
am__include='include'
am__isrc=''
am__leading_dot='.'
am__quote=''
am__tar='${AMTAR} chof - "$$tardir"'
am__untar='${AMTAR} xf -'
bindir='${exec_prefix}/bin'
build=''
build_alias=''
build_cpu=''
build_os=''
build_vendor=''
datadir='${datarootdir}'
datarootdir='${prefix}/share'
docdir='${datarootdir}/doc/${PACKAGE_TARNAME}'
dvidir='${docdir}'
exec_prefix='NONE'
host=''
host_alias=''
host_cpu=''
host_os=''
host_vendor=''
htmldir='${docdir}'
includedir='${prefix}/include'
infodir='${datarootdir}/info'
install_sh='$(SHELL) /d/projects/Pascal/lazarus/My/libs/TMD.TALib/3rd/ta-lib/install-sh'
libdir='${exec_prefix}/lib'
libexecdir='${exec_prefix}/libexec'
localedir='${datarootdir}/locale'
localstatedir='${prefix}/var'
mandir='${datarootdir}/man'
mkdir_p='/usr/bin/mkdir -p'
oldincludedir='/usr/include'
pdfdir='${docdir}'
prefix='NONE'
program_transform_name='s,x,x,'
psdir='${docdir}'
sbindir='${exec_prefix}/sbin'
sharedstatedir='${prefix}/com'
sysconfdir='${prefix}/etc'
target_alias=''

## ----------- ##
## confdefs.h. ##
## ----------- ##

#define PACKAGE_NAME "ta-lib"
#define PACKAGE_TARNAME "ta-lib"
#define PACKAGE_VERSION "0.4.0"
#define PACKAGE_STRING "ta-lib 0.4.0"
#define PACKAGE_BUGREPORT "http://sourceforge.net/tracker/?group_id=8903&atid=108903"
#define PACKAGE "ta-lib"
#define VERSION "0.4.0"

configure: exit 1
